[LOG] System::create                           : Header version = 2.00.08. Current version = 2.00.08.
[LOG] Manager::init                            : maxchannels = 256 studioflags = 00000006 flags 00000000 extradriverdata 0000000000000000.
[LOG] SystemI::init                            : Initialize version=20008 (108014), maxchannels=256, flags=0x00020000
[LOG] SystemI::setOutputInternal               : Setting output to 'FMOD WASAPI Output'
[LOG] OutputWASAPI::init                       : Mix Format (WAVEFORMATEX): wFormatTag=0xFFFE, nChannels=2, nSamplesPerSec=44100, nAvgBytesPerSec=352800, nBlockAlign=8, wBitsPerSample=32, cbSize=22.
[LOG] OutputWASAPI::init                       : Mix Format (WAVEFORMATEXTENSIBLE): wValidBitsPerSample=32, dwChannelMask=0x00000003, SubFormat=00000003-0000-0010-8000-00AA00389B71.
[LOG] OutputWASAPI::init                       : Output buffer size: 3760 samples, latency: 11.61ms, period: 10.00ms, DSP buffer: 1024 * 4
[WRN] SystemI::init                            : Output requires a sample rate of 44100Hz, resampling will occur.
[LOG] Thread::initThread                       : Init FMOD stream thread. Priority: 2, Stack Size: 98304, Semaphore: No, Sleep Time: 10, Looping: Yes.
[LOG] Thread::initThread                       : Init FMOD mixer thread. Priority: 3, Stack Size: 81920, Semaphore: No, Sleep Time: 0, Looping: Yes.
[LOG] AsyncManager::init                       : manager 000000006478C118 isAsync 0 updatePeriod 0.02
[LOG] AsyncManager::init                       : done
[LOG] PlaybackSystem::init                     : 
[LOG] Thread::initThread                       : Init FMOD Studio sample load thread. Priority: 0, Stack Size: 98304, Semaphore: No, Sleep Time: 1, Looping: No.
[LOG] PlaybackSystem::init                     : done
[LOG] Thread::initThread                       : Init FMOD Studio bank load thread. Priority: 0, Stack Size: 98304, Semaphore: No, Sleep Time: 1, Looping: No.
[LOG] Manager::init                            : done.
[LOG] Manager::readBank                        : fileversion = 125, compatVersion = 119 (oldest = 44, newest = 125)
[LOG] Manager::readBank                        : fileversion = 125, compatVersion = 119 (oldest = 44, newest = 125)
[LOG] Manager::readBank                        : fileversion = 125, compatVersion = 119 (oldest = 44, newest = 125)
[LOG] PlaybackSystem::acquireMasterBus         : Setting master channel group format to 6
[LOG] SystemI::createSoundInternal             : Create name='', mode=0x02000202
[LOG] SystemI::createSoundInternal             : exinfo->cbsize             = 224
[LOG] SystemI::createSoundInternal             : exinfo->length             = 427712
[LOG] SystemI::createSoundInternal             : exinfo->fileoffset         = 8384
[LOG] SystemI::createSoundInternal             : exinfo->numsubsounds       = 1
[LOG] SystemI::createSoundInternal             : exinfo->inclusionlist      = 000000006781EF2C
[LOG] SystemI::createSoundInternal             : exinfo->inclusionlistnum   = 1
[LOG] SystemI::createSoundInternal             : exinfo->suggestedsoundtype = 5
[LOG] SystemI::createSoundInternal             : exinfo->useropen           = 000007FED0B2C320
[LOG] SystemI::createSoundInternal             : exinfo->userclose          = 000007FED0B2C2F0
[LOG] SystemI::createSoundInternal             : exinfo->userread           = 000007FED0B2C3F0
[LOG] SystemI::createSoundInternal             : exinfo->userseek           = 000007FED0B2C4B0
[LOG] SystemI::createSoundInternal             : exinfo->fileuserdata       = 00000000634D28D8
[LOG] SystemI::createSoundInternal             : exinfo->initialseekpostype = 1
[LOG] SystemI::DSPCodecPoolRegister            : register codec pool for pool type 5
[LOG] SystemI::createSoundInternal             : Sample 0/1: name='tank_fire-001', format=2, channels=2, frequency=48000, lengthbytes=13632, lengthpcm=71117, pcmblocksize=0, loopstart=0, loopend=0, mode=0x00000000, channelmask=0x00000000, channelorder=0, peakvolume=0.791692.
[LOG] SystemI::createSoundInternal             : Create name='', mode=0x02000202
[LOG] SystemI::createSoundInternal             : exinfo->cbsize             = 224
[LOG] SystemI::createSoundInternal             : exinfo->length             = 427712
[LOG] SystemI::createSoundInternal             : exinfo->fileoffset         = 8384
[LOG] SystemI::createSoundInternal             : exinfo->numsubsounds       = 1
[LOG] SystemI::createSoundInternal             : exinfo->inclusionlist      = 000000006781EF2C
[LOG] SystemI::createSoundInternal             : exinfo->inclusionlistnum   = 1
[LOG] SystemI::createSoundInternal             : exinfo->suggestedsoundtype = 5
[LOG] SystemI::createSoundInternal             : exinfo->useropen           = 000007FED0B2C320
[LOG] SystemI::createSoundInternal             : exinfo->userclose          = 000007FED0B2C2F0
[LOG] SystemI::createSoundInternal             : exinfo->userread           = 000007FED0B2C3F0
[LOG] SystemI::createSoundInternal             : exinfo->userseek           = 000007FED0B2C4B0
[LOG] SystemI::createSoundInternal             : exinfo->fileuserdata       = 00000000634D28D8
[LOG] SystemI::createSoundInternal             : exinfo->initialseekpostype = 1
[LOG] SystemI::DSPCodecPoolRegister            : register codec pool for pool type 5
[LOG] SystemI::createSoundInternal             : Sample 0/1: name='tank_fire-003', format=2, channels=2, frequency=48000, lengthbytes=13696, lengthpcm=71110, pcmblocksize=0, loopstart=0, loopend=0, mode=0x00000000, channelmask=0x00000000, channelorder=0, peakvolume=0.775120.
[LOG] SystemI::createSoundInternal             : Create name='', mode=0x02000202
[LOG] SystemI::createSoundInternal             : exinfo->cbsize             = 224
[LOG] SystemI::createSoundInternal             : exinfo->length             = 427712
[LOG] SystemI::createSoundInternal             : exinfo->fileoffset         = 8384
[LOG] SystemI::createSoundInternal             : exinfo->numsubsounds       = 1
[LOG] SystemI::createSoundInternal             : exinfo->inclusionlist      = 000000006781EF2C
[LOG] SystemI::createSoundInternal             : exinfo->inclusionlistnum   = 1
[LOG] SystemI::createSoundInternal             : exinfo->suggestedsoundtype = 5
[LOG] SystemI::createSoundInternal             : exinfo->useropen           = 000007FED0B2C320
[LOG] SystemI::createSoundInternal             : exinfo->userclose          = 000007FED0B2C2F0
[LOG] SystemI::createSoundInternal             : exinfo->userread           = 000007FED0B2C3F0
[LOG] SystemI::createSoundInternal             : exinfo->userseek           = 000007FED0B2C4B0
[LOG] SystemI::createSoundInternal             : exinfo->fileuserdata       = 00000000634D28D8
[LOG] SystemI::createSoundInternal             : exinfo->initialseekpostype = 1
[LOG] SystemI::DSPCodecPoolRegister            : register codec pool for pool type 5
[LOG] SystemI::createSoundInternal             : Sample 0/1: name='tank_fire-004', format=2, channels=2, frequency=48000, lengthbytes=13408, lengthpcm=71109, pcmblocksize=0, loopstart=0, loopend=0, mode=0x00000000, channelmask=0x00000000, channelorder=0, peakvolume=0.800776.
[LOG] SystemI::createSoundInternal             : Create name='', mode=0x02000202
[LOG] SystemI::createSoundInternal             : exinfo->cbsize             = 224
[LOG] SystemI::createSoundInternal             : exinfo->length             = 427712
[LOG] SystemI::createSoundInternal             : exinfo->fileoffset         = 8384
[LOG] SystemI::createSoundInternal             : exinfo->numsubsounds       = 1
[LOG] SystemI::createSoundInternal             : exinfo->inclusionlist      = 000000006781EF2C
[LOG] SystemI::createSoundInternal             : exinfo->inclusionlistnum   = 1
[LOG] SystemI::createSoundInternal             : exinfo->suggestedsoundtype = 5
[LOG] SystemI::createSoundInternal             : exinfo->useropen           = 000007FED0B2C320
[LOG] SystemI::createSoundInternal             : exinfo->userclose          = 000007FED0B2C2F0
[LOG] SystemI::createSoundInternal             : exinfo->userread           = 000007FED0B2C3F0
[LOG] SystemI::createSoundInternal             : exinfo->userseek           = 000007FED0B2C4B0
[LOG] SystemI::createSoundInternal             : exinfo->fileuserdata       = 00000000634D28D8
[LOG] SystemI::createSoundInternal             : exinfo->initialseekpostype = 1
[LOG] SystemI::DSPCodecPoolRegister            : register codec pool for pool type 5
[LOG] SystemI::createSoundInternal             : Sample 0/1: name='tank_fire-005', format=2, channels=2, frequency=48000, lengthbytes=13536, lengthpcm=71109, pcmblocksize=0, loopstart=0, loopend=0, mode=0x00000000, channelmask=0x00000000, channelorder=0, peakvolume=0.846548.
[LOG] SystemI::createSoundInternal             : Create name='', mode=0x02000202
[LOG] SystemI::createSoundInternal             : exinfo->cbsize             = 224
[LOG] SystemI::createSoundInternal             : exinfo->length             = 427712
[LOG] SystemI::createSoundInternal             : exinfo->fileoffset         = 8384
[LOG] SystemI::createSoundInternal             : exinfo->numsubsounds       = 1
[LOG] SystemI::createSoundInternal             : exinfo->inclusionlist      = 000000006781EF2C
[LOG] SystemI::createSoundInternal             : exinfo->inclusionlistnum   = 1
[LOG] SystemI::createSoundInternal             : exinfo->suggestedsoundtype = 5
[LOG] SystemI::createSoundInternal             : exinfo->useropen           = 000007FED0B2C320
[LOG] SystemI::createSoundInternal             : exinfo->userclose          = 000007FED0B2C2F0
[LOG] SystemI::createSoundInternal             : exinfo->userread           = 000007FED0B2C3F0
[LOG] SystemI::createSoundInternal             : exinfo->userseek           = 000007FED0B2C4B0
[LOG] SystemI::createSoundInternal             : exinfo->fileuserdata       = 00000000634D28D8
[LOG] SystemI::createSoundInternal             : exinfo->initialseekpostype = 1
[LOG] SystemI::DSPCodecPoolRegister            : register codec pool for pool type 5
[LOG] SystemI::createSoundInternal             : Sample 0/1: name='tank_fire-002', format=2, channels=2, frequency=48000, lengthbytes=13472, lengthpcm=71111, pcmblocksize=0, loopstart=0, loopend=0, mode=0x00000000, channelmask=0x00000000, channelorder=0, peakvolume=0.889062.
[LOG] SystemI::createSoundInternal             : Create name='', mode=0x02000202
[LOG] SystemI::createSoundInternal             : exinfo->cbsize             = 224
[LOG] SystemI::createSoundInternal             : exinfo->length             = 427712
[LOG] SystemI::createSoundInternal             : exinfo->fileoffset         = 8384
[LOG] SystemI::createSoundInternal             : exinfo->numsubsounds       = 1
[LOG] SystemI::createSoundInternal             : exinfo->inclusionlist      = 000000006781EF2C
[LOG] SystemI::createSoundInternal             : exinfo->inclusionlistnum   = 1
[LOG] SystemI::createSoundInternal             : exinfo->suggestedsoundtype = 5
[LOG] SystemI::createSoundInternal             : exinfo->useropen           = 000007FED0B2C320
[LOG] SystemI::createSoundInternal             : exinfo->userclose          = 000007FED0B2C2F0
[LOG] SystemI::createSoundInternal             : exinfo->userread           = 000007FED0B2C3F0
[LOG] SystemI::createSoundInternal             : exinfo->userseek           = 000007FED0B2C4B0
[LOG] SystemI::createSoundInternal             : exinfo->fileuserdata       = 00000000637DF6E8
[LOG] SystemI::createSoundInternal             : exinfo->initialseekpostype = 1
[LOG] SystemI::DSPCodecPoolRegister            : register codec pool for pool type 5
[LOG] SystemI::createSoundInternal             : Sample 0/1: name='explosion_fx_06', format=2, channels=2, frequency=48000, lengthbytes=20960, lengthpcm=115939, pcmblocksize=0, loopstart=0, loopend=0, mode=0x00000000, channelmask=0x00000000, channelorder=0, peakvolume=0.266611.
[LOG] SystemI::createSoundInternal             : Create name='', mode=0x02000202
[LOG] SystemI::createSoundInternal             : exinfo->cbsize             = 224
[LOG] SystemI::createSoundInternal             : exinfo->length             = 427712
[LOG] SystemI::createSoundInternal             : exinfo->fileoffset         = 8384
[LOG] SystemI::createSoundInternal             : exinfo->numsubsounds       = 1
[LOG] SystemI::createSoundInternal             : exinfo->inclusionlist      = 000000006781EF2C
[LOG] SystemI::createSoundInternal             : exinfo->inclusionlistnum   = 1
[LOG] SystemI::createSoundInternal             : exinfo->suggestedsoundtype = 5
[LOG] SystemI::createSoundInternal             : exinfo->useropen           = 000007FED0B2C320
[LOG] SystemI::createSoundInternal             : exinfo->userclose          = 000007FED0B2C2F0
[LOG] SystemI::createSoundInternal             : exinfo->userread           = 000007FED0B2C3F0
[LOG] SystemI::createSoundInternal             : exinfo->userseek           = 000007FED0B2C4B0
[LOG] SystemI::createSoundInternal             : exinfo->fileuserdata       = 00000000637DF6E8
[LOG] SystemI::createSoundInternal             : exinfo->initialseekpostype = 1
[LOG] SystemI::DSPCodecPoolRegister            : register codec pool for pool type 5
[LOG] SystemI::createSoundInternal             : Sample 0/1: name='explosion_fx_04', format=2, channels=2, frequency=48000, lengthbytes=21216, lengthpcm=115956, pcmblocksize=0, loopstart=0, loopend=0, mode=0x00000000, channelmask=0x00000000, channelorder=0, peakvolume=0.260723.
[LOG] SystemI::createSoundInternal             : Create name='', mode=0x02000202
[LOG] SystemI::createSoundInternal             : exinfo->cbsize             = 224
[LOG] SystemI::createSoundInternal             : exinfo->length             = 427712
[LOG] SystemI::createSoundInternal             : exinfo->fileoffset         = 8384
[LOG] SystemI::createSoundInternal             : exinfo->numsubsounds       = 1
[LOG] SystemI::createSoundInternal             : exinfo->inclusionlist      = 000000006781EF2C
[LOG] SystemI::createSoundInternal             : exinfo->inclusionlistnum   = 1
[LOG] SystemI::createSoundInternal             : exinfo->suggestedsoundtype = 5
[LOG] SystemI::createSoundInternal             : exinfo->useropen           = 000007FED0B2C320
[LOG] SystemI::createSoundInternal             : exinfo->userclose          = 000007FED0B2C2F0
[LOG] SystemI::createSoundInternal             : exinfo->userread           = 000007FED0B2C3F0
[LOG] SystemI::createSoundInternal             : exinfo->userseek           = 000007FED0B2C4B0
[LOG] SystemI::createSoundInternal             : exinfo->fileuserdata       = 00000000637DF6E8
[LOG] SystemI::createSoundInternal             : exinfo->initialseekpostype = 1
[LOG] SystemI::DSPCodecPoolRegister            : register codec pool for pool type 5
[LOG] SystemI::createSoundInternal             : Sample 0/1: name='explosion_fx_02', format=2, channels=2, frequency=48000, lengthbytes=20992, lengthpcm=115930, pcmblocksize=0, loopstart=0, loopend=0, mode=0x00000000, channelmask=0x00000000, channelorder=0, peakvolume=0.278232.
[LOG] SystemI::createSoundInternal             : Create name='', mode=0x02000202
[LOG] SystemI::createSoundInternal             : exinfo->cbsize             = 224
[LOG] SystemI::createSoundInternal             : exinfo->length             = 427712
[LOG] SystemI::createSoundInternal             : exinfo->fileoffset         = 8384
[LOG] SystemI::createSoundInternal             : exinfo->numsubsounds       = 1
[LOG] SystemI::createSoundInternal             : exinfo->inclusionlist      = 000000006781EF2C
[LOG] SystemI::createSoundInternal             : exinfo->inclusionlistnum   = 1
[LOG] SystemI::createSoundInternal             : exinfo->suggestedsoundtype = 5
[LOG] SystemI::createSoundInternal             : exinfo->useropen           = 000007FED0B2C320
[LOG] SystemI::createSoundInternal             : exinfo->userclose          = 000007FED0B2C2F0
[LOG] SystemI::createSoundInternal             : exinfo->userread           = 000007FED0B2C3F0
[LOG] SystemI::createSoundInternal             : exinfo->userseek           = 000007FED0B2C4B0
[LOG] SystemI::createSoundInternal             : exinfo->fileuserdata       = 00000000637DF6E8
[LOG] SystemI::createSoundInternal             : exinfo->initialseekpostype = 1
[LOG] SystemI::DSPCodecPoolRegister            : register codec pool for pool type 5
[LOG] SystemI::createSoundInternal             : Sample 0/1: name='explosion_fx_05', format=2, channels=2, frequency=48000, lengthbytes=21120, lengthpcm=115944, pcmblocksize=0, loopstart=0, loopend=0, mode=0x00000000, channelmask=0x00000000, channelorder=0, peakvolume=0.297997.
[LOG] SystemI::createSoundInternal             : Create name='', mode=0x02000202
[LOG] SystemI::createSoundInternal             : exinfo->cbsize             = 224
[LOG] SystemI::createSoundInternal             : exinfo->length             = 427712
[LOG] SystemI::createSoundInternal             : exinfo->fileoffset         = 8384
[LOG] SystemI::createSoundInternal             : exinfo->numsubsounds       = 1
[LOG] SystemI::createSoundInternal             : exinfo->inclusionlist      = 000000006781EF2C
[LOG] SystemI::createSoundInternal             : exinfo->inclusionlistnum   = 1
[LOG] SystemI::createSoundInternal             : exinfo->suggestedsoundtype = 5
[LOG] SystemI::createSoundInternal             : exinfo->useropen           = 000007FED0B2C320
[LOG] SystemI::createSoundInternal             : exinfo->userclose          = 000007FED0B2C2F0
[LOG] SystemI::createSoundInternal             : exinfo->userread           = 000007FED0B2C3F0
[LOG] SystemI::createSoundInternal             : exinfo->userseek           = 000007FED0B2C4B0
[LOG] SystemI::createSoundInternal             : exinfo->fileuserdata       = 00000000637DF6E8
[LOG] SystemI::createSoundInternal             : exinfo->initialseekpostype = 1
[LOG] SystemI::DSPCodecPoolRegister            : register codec pool for pool type 5
[LOG] SystemI::createSoundInternal             : Sample 0/1: name='explosion_fx_01', format=2, channels=2, frequency=48000, lengthbytes=21024, lengthpcm=115947, pcmblocksize=0, loopstart=0, loopend=0, mode=0x00000000, channelmask=0x00000000, channelorder=0, peakvolume=0.265244.
[LOG] SystemI::createSoundInternal             : Create name='', mode=0x02000202
[LOG] SystemI::createSoundInternal             : exinfo->cbsize             = 224
[LOG] SystemI::createSoundInternal             : exinfo->length             = 427712
[LOG] SystemI::createSoundInternal             : exinfo->fileoffset         = 8384
[LOG] SystemI::createSoundInternal             : exinfo->numsubsounds       = 1
[LOG] SystemI::createSoundInternal             : exinfo->inclusionlist      = 000000006781EF2C
[LOG] SystemI::createSoundInternal             : exinfo->inclusionlistnum   = 1
[LOG] SystemI::createSoundInternal             : exinfo->suggestedsoundtype = 5
[LOG] SystemI::createSoundInternal             : exinfo->useropen           = 000007FED0B2C320
[LOG] SystemI::createSoundInternal             : exinfo->userclose          = 000007FED0B2C2F0
[LOG] SystemI::createSoundInternal             : exinfo->userread           = 000007FED0B2C3F0
[LOG] SystemI::createSoundInternal             : exinfo->userseek           = 000007FED0B2C4B0
[LOG] SystemI::createSoundInternal             : exinfo->fileuserdata       = 00000000637DF6E8
[LOG] SystemI::createSoundInternal             : exinfo->initialseekpostype = 1
[LOG] SystemI::DSPCodecPoolRegister            : register codec pool for pool type 5
[LOG] SystemI::createSoundInternal             : Sample 0/1: name='explosion_fx_03', format=2, channels=2, frequency=48000, lengthbytes=21120, lengthpcm=115944, pcmblocksize=0, loopstart=0, loopend=0, mode=0x00000000, channelmask=0x00000000, channelorder=0, peakvolume=0.256770.
[LOG] SoundI::release                          :  (000000007DEB1888)
[LOG] SoundI::release                          :     explosion_fx_01 (000000007CADE868)
[LOG] SoundI::release                          :  (0000000120440558)
[LOG] SoundI::release                          :     explosion_fx_02 (000000007CADE528)
[LOG] SoundI::release                          :  (000000007DEB19F8)
[LOG] SoundI::release                          :     explosion_fx_03 (000000007CADEA08)
[LOG] SoundI::release                          :  (00000001204403E8)
[LOG] SoundI::release                          :     explosion_fx_04 (000000007CADE388)
[LOG] SoundI::release                          :  (00000001204406C8)
[LOG] SoundI::release                          :     explosion_fx_05 (000000007CADE6C8)
[LOG] SoundI::release                          :  (0000000120440278)
[LOG] SoundI::release                          :     explosion_fx_06 (000000007CADE1E8)
[LOG] SoundI::release                          :  (000000012043FF98)
[LOG] SoundI::release                          :     tank_fire-001 (0000000062D12108)
[LOG] SoundI::release                          :  (0000000120440108)
[LOG] SoundI::release                          :     tank_fire-002 (000000007CADE048)
[LOG] SoundI::release                          :  (000000012043FE28)
[LOG] SoundI::release                          :     tank_fire-003 (0000000062D118E8)
[LOG] SoundI::release                          :  (000000012043FCB8)
[LOG] SoundI::release                          :     tank_fire-004 (0000000062D11748)
[LOG] SoundI::release                          :  (000000012043F9D8)
[LOG] SoundI::release                          :     tank_fire-005 (0000000062D11DC8)
[LOG] SoundI::release                          :  (0000000043F4DB58)
[LOG] SoundI::release                          :     tank_engine_mid (00000001203380B8)
[LOG] SoundI::release                          :  (0000000043F4D598)
[LOG] SoundI::release                          :     tank_engine_low (00000001203383F8)
[LOG] SoundI::release                          :  (0000000043F4E6D8)
[LOG] SoundI::release                          :     tank_engine_high (0000000120338258)
[LOG] Thread::callback                         : FMOD Studio update thread finished.
[LOG] Thread::callback                         : FMOD Studio bank load thread finished.
[LOG] Profile::disconnectAll                   : Profiler disconnecting all clients
[LOG] Thread::callback                         : FMOD Studio sample load thread finished.
[LOG] LiveUpdate::release                      : 
[LOG] LiveUpdate::reset                        : Reset connection (reason Disconnected)
[LOG] Thread::callback                         : FMOD stream thread finished.
[LOG] Thread::callback                         : FMOD mixer thread finished.
[LOG] Profile::disconnectAll                   : Profiler disconnecting all clients
[LOG] SystemI::close                           : Closed.
